<?xml version="1.0" encoding="UTF-8"?>
<!-- Generated by org.testng.reporters.JUnitReportReporter -->
<testsuite hostname="DESKTOP-CA0GF0H" failures="0" tests="4" name="APITests.Basics" time="10.325" errors="0" timestamp="2025-06-27T23:36:23 IST" skipped="0">
  <testcase classname="APITests.Basics" name="addPlace" time="4.527"/>
  <testcase classname="APITests.Basics" name="deletePlace" time="2.071"/>
  <testcase classname="APITests.Basics" name="updatePlace" time="2.221"/>
  <testcase classname="APITests.Basics" name="getPlace" time="1.506"/>
</testsuite> <!-- APITests.Basics -->
