<?xml version="1.0" encoding="UTF-8"?>
<!-- Generated by org.testng.reporters.JUnitReportReporter -->
<testsuite hostname="DESKTOP-CA0GF0H" failures="0" tests="4" name="DynamicJson" time="7.686" errors="0" timestamp="2025-06-27T19:12:45 IST" skipped="0">
  <testcase classname="DynamicJson" name="deleteBook" time="6.473"/>
  <testcase classname="DynamicJson" name="deleteBook" time="0.366"/>
  <testcase classname="DynamicJson" name="deleteBook" time="0.379"/>
  <testcase classname="DynamicJson" name="deleteBook" time="0.468"/>
</testsuite> <!-- DynamicJson -->
